This is pdfTeX, Version 3.14159265-2.6-1.40.19 (TeX Live 2018) (preloaded format=pdflatex 2018.11.3)  4 DEC 2018 18:13
entering extended mode
 restricted \write18 enabled.
 %&-line parsing enabled.
**DD.tex
(./DD.tex
LaTeX2e <2018-04-01> patch level 2
Babel <3.18> and hyphenation patterns for 84 language(s) loaded.
(/usr/local/texlive/2018/texmf-dist/tex/latex/base/article.cls
Document Class: article 2014/09/29 v1.4h Standard LaTeX document class
(/usr/local/texlive/2018/texmf-dist/tex/latex/base/size10.clo
File: size10.clo 2014/09/29 v1.4h Standard LaTeX file (size option)
)
\c@part=\count80
\c@section=\count81
\c@subsection=\count82
\c@subsubsection=\count83
\c@paragraph=\count84
\c@subparagraph=\count85
\c@figure=\count86
\c@table=\count87
\abovecaptionskip=\skip41
\belowcaptionskip=\skip42
\bibindent=\dimen102
)
(/usr/local/texlive/2018/texmf-dist/tex/latex/graphics/graphicx.sty
Package: graphicx 2017/06/01 v1.1a Enhanced LaTeX Graphics (DPC,SPQR)

(/usr/local/texlive/2018/texmf-dist/tex/latex/graphics/keyval.sty
Package: keyval 2014/10/28 v1.15 key=value parser (DPC)
\KV@toks@=\toks14
)
(/usr/local/texlive/2018/texmf-dist/tex/latex/graphics/graphics.sty
Package: graphics 2017/06/25 v1.2c Standard LaTeX Graphics (DPC,SPQR)

(/usr/local/texlive/2018/texmf-dist/tex/latex/graphics/trig.sty
Package: trig 2016/01/03 v1.10 sin cos tan (DPC)
)
(/usr/local/texlive/2018/texmf-dist/tex/latex/graphics-cfg/graphics.cfg
File: graphics.cfg 2016/06/04 v1.11 sample graphics configuration
)
Package graphics Info: Driver file: pdftex.def on input line 99.

(/usr/local/texlive/2018/texmf-dist/tex/latex/graphics-def/pdftex.def
File: pdftex.def 2018/01/08 v1.0l Graphics/color driver for pdftex
))
\Gin@req@height=\dimen103
\Gin@req@width=\dimen104
)
(./DD.aux)
\openout1 = `DD.aux'.

LaTeX Font Info:    Checking defaults for OML/cmm/m/it on input line 10.
LaTeX Font Info:    ... okay on input line 10.
LaTeX Font Info:    Checking defaults for T1/cmr/m/n on input line 10.
LaTeX Font Info:    ... okay on input line 10.
LaTeX Font Info:    Checking defaults for OT1/cmr/m/n on input line 10.
LaTeX Font Info:    ... okay on input line 10.
LaTeX Font Info:    Checking defaults for OMS/cmsy/m/n on input line 10.
LaTeX Font Info:    ... okay on input line 10.
LaTeX Font Info:    Checking defaults for OMX/cmex/m/n on input line 10.
LaTeX Font Info:    ... okay on input line 10.
LaTeX Font Info:    Checking defaults for U/cmr/m/n on input line 10.
LaTeX Font Info:    ... okay on input line 10.

(/usr/local/texlive/2018/texmf-dist/tex/context/base/mkii/supp-pdf.mkii
[Loading MPS to PDF converter (version 2006.09.02).]
\scratchcounter=\count88
\scratchdimen=\dimen105
\scratchbox=\box26
\nofMPsegments=\count89
\nofMParguments=\count90
\everyMPshowfont=\toks15
\MPscratchCnt=\count91
\MPscratchDim=\dimen106
\MPnumerator=\count92
\makeMPintoPDFobject=\count93
\everyMPtoPDFconversion=\toks16
) (/usr/local/texlive/2018/texmf-dist/tex/latex/oberdiek/epstopdf-base.sty
Package: epstopdf-base 2016/05/15 v2.6 Base part for package epstopdf

(/usr/local/texlive/2018/texmf-dist/tex/generic/oberdiek/infwarerr.sty
Package: infwarerr 2016/05/16 v1.4 Providing info/warning/error messages (HO)
)
(/usr/local/texlive/2018/texmf-dist/tex/latex/oberdiek/grfext.sty
Package: grfext 2016/05/16 v1.2 Manage graphics extensions (HO)

(/usr/local/texlive/2018/texmf-dist/tex/generic/oberdiek/kvdefinekeys.sty
Package: kvdefinekeys 2016/05/16 v1.4 Define keys (HO)

(/usr/local/texlive/2018/texmf-dist/tex/generic/oberdiek/ltxcmds.sty
Package: ltxcmds 2016/05/16 v1.23 LaTeX kernel commands for general use (HO)
)))
(/usr/local/texlive/2018/texmf-dist/tex/latex/oberdiek/kvoptions.sty
Package: kvoptions 2016/05/16 v3.12 Key value format for package options (HO)

(/usr/local/texlive/2018/texmf-dist/tex/generic/oberdiek/kvsetkeys.sty
Package: kvsetkeys 2016/05/16 v1.17 Key value parser (HO)

(/usr/local/texlive/2018/texmf-dist/tex/generic/oberdiek/etexcmds.sty
Package: etexcmds 2016/05/16 v1.6 Avoid name clashes with e-TeX commands (HO)

(/usr/local/texlive/2018/texmf-dist/tex/generic/oberdiek/ifluatex.sty
Package: ifluatex 2016/05/16 v1.4 Provides the ifluatex switch (HO)
Package ifluatex Info: LuaTeX not detected.
)
Package etexcmds Info: Could not find \expanded.
(etexcmds)             That can mean that you are not using pdfTeX 1.50 or
(etexcmds)             that some package has redefined \expanded.
(etexcmds)             In the latter case, load this package earlier.
)))
(/usr/local/texlive/2018/texmf-dist/tex/generic/oberdiek/pdftexcmds.sty
Package: pdftexcmds 2018/01/30 v0.27 Utility functions of pdfTeX for LuaTeX (HO
)

(/usr/local/texlive/2018/texmf-dist/tex/generic/oberdiek/ifpdf.sty
Package: ifpdf 2017/03/15 v3.2 Provides the ifpdf switch
)
Package pdftexcmds Info: LuaTeX not detected.
Package pdftexcmds Info: \pdf@primitive is available.
Package pdftexcmds Info: \pdf@ifprimitive is available.
Package pdftexcmds Info: \pdfdraftmode found.
)
Package epstopdf-base Info: Redefining graphics rule for `.eps' on input line 4
38.
Package grfext Info: Graphics extension search list:
(grfext)             [.pdf,.png,.jpg,.mps,.jpeg,.jbig2,.jb2,.PDF,.PNG,.JPG,.JPE
G,.JBIG2,.JB2,.eps]
(grfext)             \AppendGraphicsExtensions on input line 456.

(/usr/local/texlive/2018/texmf-dist/tex/latex/latexconfig/epstopdf-sys.cfg
File: epstopdf-sys.cfg 2010/07/13 v1.3 Configuration of (r)epstopdf for TeX Liv
e
))
<PolimiLogo.png, id=1, 405.515pt x 125.46875pt>
File: PolimiLogo.png Graphic file (type png)
<use PolimiLogo.png>
Package pdftex.def Info: PolimiLogo.png  used on input line 12.
(pdftex.def)             Requested size: 345.0pt x 106.74847pt.

[1{/usr/local/texlive/2018/texmf-var/fonts/map/pdftex/updmap/pdftex.map}

 <./PolimiLogo.png>] [2]
LaTeX Font Info:    Try loading font information for OMS+cmr on input line 74.
 (/usr/local/texlive/2018/texmf-dist/tex/latex/base/omscmr.fd
File: omscmr.fd 2014/09/29 v2.5h Standard LaTeX font definitions
)
LaTeX Font Info:    Font shape `OMS/cmr/m/n' in size <10> not available
(Font)              Font shape `OMS/cmsy/m/n' tried instead on input line 74.
[3] [4]
<highlevel.png, id=23, 144.7809pt x 85.7604pt>
File: highlevel.png Graphic file (type png)
<use highlevel.png>
Package pdftex.def Info: highlevel.png  used on input line 128.
(pdftex.def)             Requested size: 345.0pt x 204.40144pt.


LaTeX Warning: No positions in optional float specifier.
               Default added (so using `tbp') on input line 132.

LaTeX Font Info:    External font `cmex10' loaded for size
(Font)              <7> on input line 133.
LaTeX Font Info:    External font `cmex10' loaded for size
(Font)              <5> on input line 133.
[5 <./highlevel.png>]
<comp.png, id=29, 1858.945pt x 709.65125pt>
File: comp.png Graphic file (type png)
<use comp.png>
Package pdftex.def Info: comp.png  used on input line 146.
(pdftex.def)             Requested size: 345.0pt x 131.6949pt.
 [6 <./comp.png>]
<model.png, id=34, 1112.155pt x 620.3175pt>
File: model.png Graphic file (type png)
<use model.png>
Package pdftex.def Info: model.png  used on input line 167.
(pdftex.def)             Requested size: 345.0pt x 192.42896pt.
 [7 <./model.png>]
<UMLbig.png, id=40, 1925.1925pt x 1346.02875pt>
File: UMLbig.png Graphic file (type png)
<use UMLbig.png>
Package pdftex.def Info: UMLbig.png  used on input line 174.
(pdftex.def)             Requested size: 345.0pt x 241.20671pt.
 [8 <./UMLbig.png>]
<depl.png, id=45, 1147.28625pt x 804.00375pt>
File: depl.png Graphic file (type png)
<use depl.png>
Package pdftex.def Info: depl.png  used on input line 181.
(pdftex.def)             Requested size: 345.0pt x 241.76732pt.

[9 <./depl.png>]
<callambulance.png, id=50, 834.11626pt x 302.12875pt>
File: callambulance.png Graphic file (type png)
<use callambulance.png>
Package pdftex.def Info: callambulance.png  used on input line 196.
(pdftex.def)             Requested size: 345.0pt x 124.96617pt.
 [10 <./callambulance.png>]
<grouprequest.png, id=55, 683.55376pt x 471.7625pt>
File: grouprequest.png Graphic file (type png)
<use grouprequest.png>
Package pdftex.def Info: grouprequest.png  used on input line 204.
(pdftex.def)             Requested size: 345.0pt x 238.1122pt.
 [11 <./grouprequest.png>]
<singlerequest.png, id=60, 1124.2pt x 471.7625pt>
File: singlerequest.png Graphic file (type png)
<use singlerequest.png>
Package pdftex.def Info: singlerequest.png  used on input line 212.
(pdftex.def)             Requested size: 345.0pt x 144.77637pt.
 [12 <./singlerequest.png>]
<inter.png, id=65, 788.9475pt x 536.0025pt>
File: inter.png Graphic file (type png)
<use inter.png>
Package pdftex.def Info: inter.png  used on input line 221.
(pdftex.def)             Requested size: 345.0pt x 234.38602pt.
 [13 <./inter.png>] [14] [15] [16] [17] [18] (./DD.aux) ) 
Here is how much of TeX's memory you used:
 1486 strings out of 492649
 21648 string characters out of 6129622
 85249 words of memory out of 5000000
 5372 multiletter control sequences out of 15000+600000
 5504 words of font info for 20 fonts, out of 8000000 for 9000
 1141 hyphenation exceptions out of 8191
 41i,14n,25p,605b,249s stack positions out of 5000i,500n,10000p,200000b,80000s
</usr/local/texlive/20
18/texmf-dist/fonts/type1/public/amsfonts/cm/cmbx10.pfb></usr/local/texlive/201
8/texmf-dist/fonts/type1/public/amsfonts/cm/cmbx12.pfb></usr/local/texlive/2018
/texmf-dist/fonts/type1/public/amsfonts/cm/cmr10.pfb></usr/local/texlive/2018/t
exmf-dist/fonts/type1/public/amsfonts/cm/cmr12.pfb></usr/local/texlive/2018/tex
mf-dist/fonts/type1/public/amsfonts/cm/cmsy10.pfb></usr/local/texlive/2018/texm
f-dist/fonts/type1/public/amsfonts/cm/cmti10.pfb>
Output written on DD.pdf (18 pages, 714809 bytes).
PDF statistics:
 107 PDF objects out of 1000 (max. 8388607)
 60 compressed objects within 1 object stream
 0 named destinations out of 1000 (max. 500000)
 51 words of extra memory for PDF output out of 10000 (max. 10000000)

