This is pdfTeX, Version 3.14159265-2.6-1.40.19 (TeX Live 2018) (preloaded format=pdflatex 2018.11.3)  8 NOV 2018 17:32
entering extended mode
 restricted \write18 enabled.
 %&-line parsing enabled.
**SoftwareEngineeringProject.tex
(./SoftwareEngineeringProject.tex
LaTeX2e <2018-04-01> patch level 2
Babel <3.18> and hyphenation patterns for 84 language(s) loaded.
(/usr/local/texlive/2018/texmf-dist/tex/latex/base/article.cls
Document Class: article 2014/09/29 v1.4h Standard LaTeX document class
(/usr/local/texlive/2018/texmf-dist/tex/latex/base/size10.clo
File: size10.clo 2014/09/29 v1.4h Standard LaTeX file (size option)
)
\c@part=\count80
\c@section=\count81
\c@subsection=\count82
\c@subsubsection=\count83
\c@paragraph=\count84
\c@subparagraph=\count85
\c@figure=\count86
\c@table=\count87
\abovecaptionskip=\skip41
\belowcaptionskip=\skip42
\bibindent=\dimen102
)
(/usr/local/texlive/2018/texmf-dist/tex/latex/graphics/graphicx.sty
Package: graphicx 2017/06/01 v1.1a Enhanced LaTeX Graphics (DPC,SPQR)

(/usr/local/texlive/2018/texmf-dist/tex/latex/graphics/keyval.sty
Package: keyval 2014/10/28 v1.15 key=value parser (DPC)
\KV@toks@=\toks14
)
(/usr/local/texlive/2018/texmf-dist/tex/latex/graphics/graphics.sty
Package: graphics 2017/06/25 v1.2c Standard LaTeX Graphics (DPC,SPQR)

(/usr/local/texlive/2018/texmf-dist/tex/latex/graphics/trig.sty
Package: trig 2016/01/03 v1.10 sin cos tan (DPC)
)
(/usr/local/texlive/2018/texmf-dist/tex/latex/graphics-cfg/graphics.cfg
File: graphics.cfg 2016/06/04 v1.11 sample graphics configuration
)
Package graphics Info: Driver file: pdftex.def on input line 99.

(/usr/local/texlive/2018/texmf-dist/tex/latex/graphics-def/pdftex.def
File: pdftex.def 2018/01/08 v1.0l Graphics/color driver for pdftex
))
\Gin@req@height=\dimen103
\Gin@req@width=\dimen104
)
(./SoftwareEngineeringProject.aux)
\openout1 = `SoftwareEngineeringProject.aux'.

LaTeX Font Info:    Checking defaults for OML/cmm/m/it on input line 10.
LaTeX Font Info:    ... okay on input line 10.
LaTeX Font Info:    Checking defaults for T1/cmr/m/n on input line 10.
LaTeX Font Info:    ... okay on input line 10.
LaTeX Font Info:    Checking defaults for OT1/cmr/m/n on input line 10.
LaTeX Font Info:    ... okay on input line 10.
LaTeX Font Info:    Checking defaults for OMS/cmsy/m/n on input line 10.
LaTeX Font Info:    ... okay on input line 10.
LaTeX Font Info:    Checking defaults for OMX/cmex/m/n on input line 10.
LaTeX Font Info:    ... okay on input line 10.
LaTeX Font Info:    Checking defaults for U/cmr/m/n on input line 10.
LaTeX Font Info:    ... okay on input line 10.

(/usr/local/texlive/2018/texmf-dist/tex/context/base/mkii/supp-pdf.mkii
[Loading MPS to PDF converter (version 2006.09.02).]
\scratchcounter=\count88
\scratchdimen=\dimen105
\scratchbox=\box26
\nofMPsegments=\count89
\nofMParguments=\count90
\everyMPshowfont=\toks15
\MPscratchCnt=\count91
\MPscratchDim=\dimen106
\MPnumerator=\count92
\makeMPintoPDFobject=\count93
\everyMPtoPDFconversion=\toks16
) (/usr/local/texlive/2018/texmf-dist/tex/latex/oberdiek/epstopdf-base.sty
Package: epstopdf-base 2016/05/15 v2.6 Base part for package epstopdf

(/usr/local/texlive/2018/texmf-dist/tex/generic/oberdiek/infwarerr.sty
Package: infwarerr 2016/05/16 v1.4 Providing info/warning/error messages (HO)
)
(/usr/local/texlive/2018/texmf-dist/tex/latex/oberdiek/grfext.sty
Package: grfext 2016/05/16 v1.2 Manage graphics extensions (HO)

(/usr/local/texlive/2018/texmf-dist/tex/generic/oberdiek/kvdefinekeys.sty
Package: kvdefinekeys 2016/05/16 v1.4 Define keys (HO)

(/usr/local/texlive/2018/texmf-dist/tex/generic/oberdiek/ltxcmds.sty
Package: ltxcmds 2016/05/16 v1.23 LaTeX kernel commands for general use (HO)
)))
(/usr/local/texlive/2018/texmf-dist/tex/latex/oberdiek/kvoptions.sty
Package: kvoptions 2016/05/16 v3.12 Key value format for package options (HO)

(/usr/local/texlive/2018/texmf-dist/tex/generic/oberdiek/kvsetkeys.sty
Package: kvsetkeys 2016/05/16 v1.17 Key value parser (HO)

(/usr/local/texlive/2018/texmf-dist/tex/generic/oberdiek/etexcmds.sty
Package: etexcmds 2016/05/16 v1.6 Avoid name clashes with e-TeX commands (HO)

(/usr/local/texlive/2018/texmf-dist/tex/generic/oberdiek/ifluatex.sty
Package: ifluatex 2016/05/16 v1.4 Provides the ifluatex switch (HO)
Package ifluatex Info: LuaTeX not detected.
)
Package etexcmds Info: Could not find \expanded.
(etexcmds)             That can mean that you are not using pdfTeX 1.50 or
(etexcmds)             that some package has redefined \expanded.
(etexcmds)             In the latter case, load this package earlier.
)))
(/usr/local/texlive/2018/texmf-dist/tex/generic/oberdiek/pdftexcmds.sty
Package: pdftexcmds 2018/01/30 v0.27 Utility functions of pdfTeX for LuaTeX (HO
)

(/usr/local/texlive/2018/texmf-dist/tex/generic/oberdiek/ifpdf.sty
Package: ifpdf 2017/03/15 v3.2 Provides the ifpdf switch
)
Package pdftexcmds Info: LuaTeX not detected.
Package pdftexcmds Info: \pdf@primitive is available.
Package pdftexcmds Info: \pdf@ifprimitive is available.
Package pdftexcmds Info: \pdfdraftmode found.
)
Package epstopdf-base Info: Redefining graphics rule for `.eps' on input line 4
38.
Package grfext Info: Graphics extension search list:
(grfext)             [.pdf,.png,.jpg,.mps,.jpeg,.jbig2,.jb2,.PDF,.PNG,.JPG,.JPE
G,.JBIG2,.JB2,.eps]
(grfext)             \AppendGraphicsExtensions on input line 456.

(/usr/local/texlive/2018/texmf-dist/tex/latex/latexconfig/epstopdf-sys.cfg
File: epstopdf-sys.cfg 2010/07/13 v1.3 Configuration of (r)epstopdf for TeX Liv
e
))
<PolimiLogo.png, id=1, 405.515pt x 125.46875pt>
File: PolimiLogo.png Graphic file (type png)
<use PolimiLogo.png>
Package pdftex.def Info: PolimiLogo.png  used on input line 12.
(pdftex.def)             Requested size: 345.0pt x 106.74847pt.

[1{/usr/local/texlive/2018/texmf-var/fonts/map/pdftex/updmap/pdftex.map}

 <./PolimiLogo.png>] [2] [3]
LaTeX Font Info:    Try loading font information for OMS+cmr on input line 112.


(/usr/local/texlive/2018/texmf-dist/tex/latex/base/omscmr.fd
File: omscmr.fd 2014/09/29 v2.5h Standard LaTeX font definitions
)
LaTeX Font Info:    Font shape `OMS/cmr/m/n' in size <10> not available
(Font)              Font shape `OMS/cmsy/m/n' tried instead on input line 112.
 [4] [5] [6]
Underfull \hbox (badness 10000) in paragraph at lines 180--181

 []

[7]
Overfull \hbox (5.77931pt too wide) in paragraph at lines 192--193
[]\OT1/cmr/m/it/10 TrackMe\OT1/cmr/m/n/10 : the whole hard-ware and soft-ware i
n-ter-faces over which Data4Help
 []

<1homepage.png, id=33, 1445.4pt x 903.375pt>
File: 1homepage.png Graphic file (type png)
<use 1homepage.png>
Package pdftex.def Info: 1homepage.png  used on input line 221.
(pdftex.def)             Requested size: 345.0pt x 215.61519pt.
[8]
<2signupuser.png, id=37, 1445.4pt x 903.375pt>
File: 2signupuser.png Graphic file (type png)
<use 2signupuser.png>
Package pdftex.def Info: 2signupuser.png  used on input line 226.
(pdftex.def)             Requested size: 345.0pt x 215.61519pt.
 [9 <./1homepage.png> <./2signupuser.png>]
<3signupcompany.png, id=41, 1445.4pt x 903.375pt>
File: 3signupcompany.png Graphic file (type png)
<use 3signupcompany.png>
Package pdftex.def Info: 3signupcompany.png  used on input line 231.
(pdftex.def)             Requested size: 345.0pt x 215.61519pt.
<4logincompany.png, id=42, 1445.4pt x 903.375pt>
File: 4logincompany.png Graphic file (type png)
<use 4logincompany.png>
Package pdftex.def Info: 4logincompany.png  used on input line 236.
(pdftex.def)             Requested size: 345.0pt x 215.61519pt.
 [10 <./3signupcompany.png> <./4logincompany.png>]
<5companyhompage.png, id=46, 1445.4pt x 903.375pt>
File: 5companyhompage.png Graphic file (type png)
<use 5companyhompage.png>
Package pdftex.def Info: 5companyhompage.png  used on input line 241.
(pdftex.def)             Requested size: 345.0pt x 215.61519pt.
<6userprofile.png, id=47, 1445.4pt x 903.375pt>
File: 6userprofile.png Graphic file (type png)
<use 6userprofile.png>
Package pdftex.def Info: 6userprofile.png  used on input line 246.
(pdftex.def)             Requested size: 345.0pt x 215.61519pt.
 [11 <./5companyhompage.png> <./6userprofile.png>]
<7groupprofile.png, id=51, 1445.4pt x 903.375pt>
File: 7groupprofile.png Graphic file (type png)
<use 7groupprofile.png>
Package pdftex.def Info: 7groupprofile.png  used on input line 251.
(pdftex.def)             Requested size: 345.0pt x 215.61519pt.
 [12 <./7groupprofile.png>]
Overfull \hbox (14.19505pt too wide) in paragraph at lines 281--282
[]\OT1/cmr/m/n/10 [R2] Each time that an ac-cept-ing or re-ject-ing no-ti-fi-ca
-tion is sent to Data4Help,
 []

[13]
Overfull \hbox (3.445pt too wide) in paragraph at lines 308--309
[]\OT1/cmr/m/n/10 [R10] The sys-tem must al-low the com-pany to send a no-ti-fi
-ca-tion to TrackMe
 []

[14]
Overfull \hbox (3.445pt too wide) in paragraph at lines 314--315
[]\OT1/cmr/m/n/10 [R10] The sys-tem must al-low the com-pany to send a no-ti-fi
-ca-tion to TrackMe
 []

[15]
Overfull \hbox (3.445pt too wide) in paragraph at lines 342--343
[]\OT1/cmr/m/n/10 [R10] The sys-tem must al-low the com-pany to send a no-ti-fi
-ca-tion to TrackMe
 []

[16]
LaTeX Font Info:    External font `cmex10' loaded for size
(Font)              <7> on input line 348.
LaTeX Font Info:    External font `cmex10' loaded for size
(Font)              <5> on input line 348.

Overfull \hbox (46.36111pt too wide) in paragraph at lines 348--372
 [] 
 []


Overfull \hbox (46.36111pt too wide) in paragraph at lines 375--388
 [] 
 []

[17]
Overfull \hbox (46.36111pt too wide) in paragraph at lines 391--410
 [] 
 []


Overfull \hbox (46.36111pt too wide) in paragraph at lines 413--430
 [] 
 []

[18]
Overfull \hbox (46.36111pt too wide) in paragraph at lines 433--447
 [] 
 []


Overfull \hbox (46.36111pt too wide) in paragraph at lines 450--464
 [] 
 []

[19]
Overfull \hbox (46.36111pt too wide) in paragraph at lines 467--483
 [] 
 []


Overfull \hbox (46.36111pt too wide) in paragraph at lines 486--502
 [] 
 []

[20]
Overfull \hbox (46.36111pt too wide) in paragraph at lines 505--520
 [] 
 []


Overfull \hbox (46.36111pt too wide) in paragraph at lines 523--536
 [] 
 []

[21]
<singlerequest.png, id=84, 750.805pt x 634.37pt>
File: singlerequest.png Graphic file (type png)
<use singlerequest.png>
Package pdftex.def Info: singlerequest.png  used on input line 543.
(pdftex.def)             Requested size: 345.0pt x 291.50398pt.
 [22 <./singlerequest.png>]
<grouprequest.png, id=90, 749.80125pt x 808.01875pt>
File: grouprequest.png Graphic file (type png)
<use grouprequest.png>
Package pdftex.def Info: grouprequest.png  used on input line 548.
(pdftex.def)             Requested size: 345.0pt x 371.79178pt.
 [23 <./grouprequest.png>]
<acceptreject.png, id=95, 704.6325pt x 764.8575pt>
File: acceptreject.png Graphic file (type png)
<use acceptreject.png>
Package pdftex.def Info: acceptreject.png  used on input line 553.
(pdftex.def)             Requested size: 345.0pt x 374.48001pt.
 [24 <./acceptreject.png>]
<callambulance.png, id=100, 643.40375pt x 592.2125pt>
File: callambulance.png Graphic file (type png)
<use callambulance.png>
Package pdftex.def Info: callambulance.png  used on input line 558.
(pdftex.def)             Requested size: 345.0pt x 317.55798pt.
 [25 <./callambulance.png>] [26] (./SoftwareEngineeringProject.aux) ) 
Here is how much of TeX's memory you used:
 1496 strings out of 492649
 22272 string characters out of 6129622
 89249 words of memory out of 5000000
 5380 multiletter control sequences out of 15000+600000
 5504 words of font info for 20 fonts, out of 8000000 for 9000
 1141 hyphenation exceptions out of 8191
 41i,9n,25p,548b,254s stack positions out of 5000i,500n,10000p,200000b,80000s
</usr/loca
l/texlive/2018/texmf-dist/fonts/type1/public/amsfonts/cm/cmbx10.pfb></usr/local
/texlive/2018/texmf-dist/fonts/type1/public/amsfonts/cm/cmbx12.pfb></usr/local/
texlive/2018/texmf-dist/fonts/type1/public/amsfonts/cm/cmr10.pfb></usr/local/te
xlive/2018/texmf-dist/fonts/type1/public/amsfonts/cm/cmr12.pfb></usr/local/texl
ive/2018/texmf-dist/fonts/type1/public/amsfonts/cm/cmsy10.pfb></usr/local/texli
ve/2018/texmf-dist/fonts/type1/public/amsfonts/cm/cmti10.pfb>
Output written on SoftwareEngineeringProject.pdf (26 pages, 1389958 bytes).
PDF statistics:
 130 PDF objects out of 1000 (max. 8388607)
 78 compressed objects within 1 object stream
 0 named destinations out of 1000 (max. 500000)
 61 words of extra memory for PDF output out of 10000 (max. 10000000)

